#
# There is insufficient memory for the Java Runtime Environment to continue.
# Native memory allocation (malloc) failed to allocate 894272 bytes. Error detail: Chunk::new
# Possible reasons:
#   The system is out of physical RAM or swap space
#   This process is running with CompressedOops enabled, and the Java Heap may be blocking the growth of the native heap
# Possible solutions:
#   Reduce memory load on the system
#   Increase physical memory or swap space
#   Check if swap backing store is full
#   Decrease Java heap size (-Xmx/-Xms)
#   Decrease number of Java threads
#   Decrease Java thread stack sizes (-Xss)
#   Set larger code cache with -XX:ReservedCodeCacheSize=
#   JVM is running with Unscaled Compressed Oops mode in which the Java heap is
#     placed in the first 4GB address space. The Java Heap base address is the
#     maximum limit for the native heap growth. Please use -XX:HeapBaseMinAddress
#     to set the Java Heap base and to place the Java Heap above 4GB virtual address.
# This output file may be truncated or incomplete.
#
#  Out of Memory Error (arena.cpp:168), pid=19324, tid=14868
#
# JRE version: OpenJDK Runtime Environment Temurin-21.0.10+7 (21.0.10+7) (build 21.0.10+7-LTS)
# Java VM: OpenJDK 64-Bit Server VM Temurin-21.0.10+7 (21.0.10+7-LTS, mixed mode, sharing, tiered, compressed oops, compressed class ptrs, parallel gc, windows-amd64)
# No core dump will be written. Minidumps are not enabled by default on client versions of Windows
#

---------------  S U M M A R Y ------------

Command Line: --add-modules=ALL-SYSTEM --add-opens=java.base/java.util=ALL-UNNAMED --add-opens=java.base/java.lang=ALL-UNNAMED --add-opens=java.base/sun.nio.fs=ALL-UNNAMED -Declipse.application=org.eclipse.jdt.ls.core.id1 -Dosgi.bundles.defaultStartLevel=4 -Declipse.product=org.eclipse.jdt.ls.core.product -Djava.import.generatesMetadataFilesAtProjectRoot=false -DDetectVMInstallationsJob.disabled=true -Dfile.encoding=utf8 -XX:+UseParallelGC -XX:GCTimeRatio=4 -XX:AdaptiveSizePolicyWeight=90 -Dsun.zip.disableMemoryMapping=true -Xmx2G -Xms100m -Xlog:disable -javaagent:c:\Users\taire\.vscode\extensions\redhat.java-1.53.0-win32-x64\lombok\lombok-1.18.39-4050.jar -XX:+HeapDumpOnOutOfMemoryError -XX:HeapDumpPath=c:\Users\taire\AppData\Roaming\Code\User\workspaceStorage\7d00fbf79ae17fc0a0d49b68ffec40ae\redhat.java -Daether.dependencyCollector.impl=bf c:\Users\taire\.vscode\extensions\redhat.java-1.53.0-win32-x64\server\plugins\org.eclipse.equinox.launcher_1.7.100.v20251111-0406.jar -configuration c:\Users\taire\AppData\Roaming\Code\User\globalStorage\redhat.java\1.53.0\config_win -data c:\Users\taire\AppData\Roaming\Code\User\workspaceStorage\7d00fbf79ae17fc0a0d49b68ffec40ae\redhat.java\jdt_ws --pipe=\\.\pipe\lsp-c27e9edd1e4989c6eedaa794edc508b5-sock

Host: 12th Gen Intel(R) Core(TM) i5-12450H, 12 cores, 15G,  Windows 11 , 64 bit Build 26100 (10.0.26100.7705)
Time: Sat Feb 28 19:36:46 2026 Hora oficial do Brasil elapsed time: 2411.807504 seconds (0d 0h 40m 11s)

---------------  T H R E A D  ---------------

Current thread (0x0000024fc822a1a0):  JavaThread "C2 CompilerThread2" daemon [_thread_in_native, id=14868, stack(0x000000bd99700000,0x000000bd99800000) (1024K)]


Current CompileTask:
C2:2411807 10437   !   4       org.eclipse.jdt.internal.compiler.parser.Parser::parse (950 bytes)

Stack: [0x000000bd99700000,0x000000bd99800000]
Native frames: (J=compiled Java code, j=interpreted, Vv=VM code, C=native code)
V  [jvm.dll+0x6d7a39]
V  [jvm.dll+0x8b4b26]
V  [jvm.dll+0x8b70de]
V  [jvm.dll+0x8b77c3]
V  [jvm.dll+0x284346]
V  [jvm.dll+0xc66ed]
V  [jvm.dll+0xc6c31]
V  [jvm.dll+0x3bec3b]
V  [jvm.dll+0x38b162]
V  [jvm.dll+0x38a5aa]
V  [jvm.dll+0x24c560]
V  [jvm.dll+0x24bb40]
V  [jvm.dll+0x1cb34e]
V  [jvm.dll+0x25b85d]
V  [jvm.dll+0x259dea]
V  [jvm.dll+0x3f857e]
V  [jvm.dll+0x85f59d]
V  [jvm.dll+0x6d626d]
C  [ucrtbase.dll+0x37b0]
C  [KERNEL32.DLL+0x2e8d7]
C  [ntdll.dll+0x8c40c]


---------------  P R O C E S S  ---------------

Threads class SMR info:
_java_thread_list=0x0000024fc8ed9110, length=43, elements={
0x0000024fe314d590, 0x0000024fc50144b0, 0x0000024fc50153d0, 0x0000024fc5017540,
0x0000024fc501a490, 0x0000024fc501c450, 0x0000024fc5020550, 0x0000024fc5039370,
0x0000024fc505b830, 0x0000024fc52e5720, 0x0000024fc53f79e0, 0x0000024fc58c4100,
0x0000024fc58c54b0, 0x0000024fc58c4790, 0x0000024fc58c4e20, 0x0000024fc58c61d0,
0x0000024fc58c33e0, 0x0000024fc58c3a70, 0x0000024fc58c5b40, 0x0000024fc6876680,
0x0000024fc6874c40, 0x0000024fc6875ff0, 0x0000024fc6877a30, 0x0000024fc68752d0,
0x0000024fc68745b0, 0x0000024fc68780c0, 0x0000024fc6878750, 0x0000024fc6879470,
0x0000024fc687a190, 0x0000024fc6879b00, 0x0000024fc687a820, 0x0000024fc6878de0,
0x0000024fc687aeb0, 0x0000024fc687b540, 0x0000024fc812f160, 0x0000024fc812f7f0,
0x0000024fc812fe80, 0x0000024fd2d075f0, 0x0000024fd2d07c80, 0x0000024fd2d068d0,
0x0000024fd2d05520, 0x0000024fc58ccf90, 0x0000024fc822a1a0
}

Java Threads: ( => current thread )
  0x0000024fe314d590 JavaThread "main"                              [_thread_blocked, id=5908, stack(0x000000bd97600000,0x000000bd97700000) (1024K)]
  0x0000024fc50144b0 JavaThread "Reference Handler"          daemon [_thread_blocked, id=15180, stack(0x000000bd97a00000,0x000000bd97b00000) (1024K)]
  0x0000024fc50153d0 JavaThread "Finalizer"                  daemon [_thread_blocked, id=4340, stack(0x000000bd97b00000,0x000000bd97c00000) (1024K)]
  0x0000024fc5017540 JavaThread "Signal Dispatcher"          daemon [_thread_blocked, id=5052, stack(0x000000bd97c00000,0x000000bd97d00000) (1024K)]
  0x0000024fc501a490 JavaThread "Attach Listener"            daemon [_thread_blocked, id=19048, stack(0x000000bd97d00000,0x000000bd97e00000) (1024K)]
  0x0000024fc501c450 JavaThread "Service Thread"             daemon [_thread_blocked, id=7840, stack(0x000000bd97e00000,0x000000bd97f00000) (1024K)]
  0x0000024fc5020550 JavaThread "Monitor Deflation Thread"   daemon [_thread_blocked, id=12548, stack(0x000000bd97f00000,0x000000bd98000000) (1024K)]
  0x0000024fc5039370 JavaThread "C2 CompilerThread0"         daemon [_thread_blocked, id=9716, stack(0x000000bd98000000,0x000000bd98100000) (1024K)]
  0x0000024fc505b830 JavaThread "C1 CompilerThread0"         daemon [_thread_blocked, id=10896, stack(0x000000bd98100000,0x000000bd98200000) (1024K)]
  0x0000024fc52e5720 JavaThread "Common-Cleaner"             daemon [_thread_blocked, id=3152, stack(0x000000bd98200000,0x000000bd98300000) (1024K)]
  0x0000024fc53f79e0 JavaThread "Notification Thread"        daemon [_thread_blocked, id=4784, stack(0x000000bd98300000,0x000000bd98400000) (1024K)]
  0x0000024fc58c4100 JavaThread "Active Thread: Equinox Container: e8a032ac-51de-49b4-8076-545d80546a11"        [_thread_blocked, id=15808, stack(0x000000bd98c00000,0x000000bd98d00000) (1024K)]
  0x0000024fc58c54b0 JavaThread "Refresh Thread: Equinox Container: e8a032ac-51de-49b4-8076-545d80546a11" daemon [_thread_blocked, id=8004, stack(0x000000bd98d00000,0x000000bd98e00000) (1024K)]
  0x0000024fc58c4790 JavaThread "Framework Event Dispatcher: Equinox Container: e8a032ac-51de-49b4-8076-545d80546a11" daemon [_thread_blocked, id=4228, stack(0x000000bd98e00000,0x000000bd98f00000) (1024K)]
  0x0000024fc58c4e20 JavaThread "Start Level: Equinox Container: e8a032ac-51de-49b4-8076-545d80546a11" daemon [_thread_blocked, id=19404, stack(0x000000bd98400000,0x000000bd98500000) (1024K)]
  0x0000024fc58c61d0 JavaThread "Bundle File Closer"         daemon [_thread_blocked, id=4048, stack(0x000000bd99300000,0x000000bd99400000) (1024K)]
  0x0000024fc58c33e0 JavaThread "SCR Component Actor"        daemon [_thread_blocked, id=5096, stack(0x000000bd99400000,0x000000bd99500000) (1024K)]
  0x0000024fc58c3a70 JavaThread "Worker-JM"                         [_thread_blocked, id=3180, stack(0x000000bd99500000,0x000000bd99600000) (1024K)]
  0x0000024fc58c5b40 JavaThread "JNA Cleaner"                daemon [_thread_blocked, id=18964, stack(0x000000bd99600000,0x000000bd99700000) (1024K)]
  0x0000024fc6876680 JavaThread "Java indexing"              daemon [_thread_blocked, id=19260, stack(0x000000bd99900000,0x000000bd99a00000) (1024K)]
  0x0000024fc6874c40 JavaThread "Worker-2"                          [_thread_blocked, id=18684, stack(0x000000bd99c00000,0x000000bd99d00000) (1024K)]
  0x0000024fc6875ff0 JavaThread "Thread-1"                   daemon [_thread_in_native, id=11064, stack(0x000000bd99f00000,0x000000bd9a000000) (1024K)]
  0x0000024fc6877a30 JavaThread "Thread-2"                   daemon [_thread_in_native, id=11296, stack(0x000000bd9a000000,0x000000bd9a100000) (1024K)]
  0x0000024fc68752d0 JavaThread "Thread-3"                   daemon [_thread_in_native, id=15584, stack(0x000000bd9a100000,0x000000bd9a200000) (1024K)]
  0x0000024fc68745b0 JavaThread "Thread-4"                   daemon [_thread_in_native, id=804, stack(0x000000bd9a200000,0x000000bd9a300000) (1024K)]
  0x0000024fc68780c0 JavaThread "Thread-5"                   daemon [_thread_in_native, id=9392, stack(0x000000bd9a300000,0x000000bd9a400000) (1024K)]
  0x0000024fc6878750 JavaThread "Thread-6"                   daemon [_thread_in_native, id=8268, stack(0x000000bd9a400000,0x000000bd9a500000) (1024K)]
  0x0000024fc6879470 JavaThread "Thread-7"                   daemon [_thread_in_native, id=15148, stack(0x000000bd9a500000,0x000000bd9a600000) (1024K)]
  0x0000024fc687a190 JavaThread "Thread-8"                   daemon [_thread_in_native, id=6072, stack(0x000000bd9a600000,0x000000bd9a700000) (1024K)]
  0x0000024fc6879b00 JavaThread "Thread-9"                   daemon [_thread_in_native, id=2632, stack(0x000000bd9a700000,0x000000bd9a800000) (1024K)]
  0x0000024fc687a820 JavaThread "Thread-10"                  daemon [_thread_in_native, id=6180, stack(0x000000bd9a800000,0x000000bd9a900000) (1024K)]
  0x0000024fc6878de0 JavaThread "Thread-11"                  daemon [_thread_in_native, id=6956, stack(0x000000bd9a900000,0x000000bd9aa00000) (1024K)]
  0x0000024fc687aeb0 JavaThread "Thread-12"                  daemon [_thread_in_native, id=4992, stack(0x000000bd9aa00000,0x000000bd9ab00000) (1024K)]
  0x0000024fc687b540 JavaThread "Thread-13"                  daemon [_thread_in_native, id=4180, stack(0x000000bd9ab00000,0x000000bd9ac00000) (1024K)]
  0x0000024fc812f160 JavaThread "pool-2-thread-1"                   [_thread_blocked, id=1492, stack(0x000000bd9ac00000,0x000000bd9ad00000) (1024K)]
  0x0000024fc812f7f0 JavaThread "WorkspaceEventsHandler"            [_thread_blocked, id=15464, stack(0x000000bd9b000000,0x000000bd9b100000) (1024K)]
  0x0000024fc812fe80 JavaThread "pool-1-thread-1"                   [_thread_blocked, id=3372, stack(0x000000bd9b100000,0x000000bd9b200000) (1024K)]
  0x0000024fd2d075f0 JavaThread "Cleaner-0"                  daemon [_thread_blocked, id=20096, stack(0x000000bd99000000,0x000000bd99100000) (1024K)]
  0x0000024fd2d07c80 JavaThread "Worker-6"                          [_thread_blocked, id=11832, stack(0x000000bd97500000,0x000000bd97600000) (1024K)]
  0x0000024fd2d068d0 JavaThread "ForkJoinPool.commonPool-worker-7" daemon [_thread_blocked, id=17828, stack(0x000000bd97300000,0x000000bd97400000) (1024K)]
  0x0000024fd2d05520 JavaThread "ForkJoinPool.commonPool-worker-8" daemon [_thread_blocked, id=3516, stack(0x000000bd97400000,0x000000bd97500000) (1024K)]
  0x0000024fc58ccf90 JavaThread "C2 CompilerThread1"         daemon [_thread_in_native, id=14576, stack(0x000000bd98f00000,0x000000bd99000000) (1024K)]
=>0x0000024fc822a1a0 JavaThread "C2 CompilerThread2"         daemon [_thread_in_native, id=14868, stack(0x000000bd99700000,0x000000bd99800000) (1024K)]
Total: 43

Other Threads:
  0x0000024fe30e40c0 VMThread "VM Thread"                           [id=6876, stack(0x000000bd97900000,0x000000bd97a00000) (1024K)]
  0x0000024fe2fdca00 WatcherThread "VM Periodic Task Thread"        [id=8180, stack(0x000000bd97800000,0x000000bd97900000) (1024K)]
  0x0000024fe316b680 WorkerThread "GC Thread#0"                     [id=4868, stack(0x000000bd97700000,0x000000bd97800000) (1024K)]
  0x0000024fc56ad930 WorkerThread "GC Thread#1"                     [id=18312, stack(0x000000bd98600000,0x000000bd98700000) (1024K)]
  0x0000024fc5e35d40 WorkerThread "GC Thread#2"                     [id=4584, stack(0x000000bd98700000,0x000000bd98800000) (1024K)]
  0x0000024fc5e360f0 WorkerThread "GC Thread#3"                     [id=6384, stack(0x000000bd98800000,0x000000bd98900000) (1024K)]
  0x0000024fc5e364a0 WorkerThread "GC Thread#4"                     [id=6976, stack(0x000000bd98900000,0x000000bd98a00000) (1024K)]
  0x0000024fc5e36850 WorkerThread "GC Thread#5"                     [id=15156, stack(0x000000bd98a00000,0x000000bd98b00000) (1024K)]
  0x0000024fc57618c0 WorkerThread "GC Thread#6"                     [id=4980, stack(0x000000bd98b00000,0x000000bd98c00000) (1024K)]
  0x0000024fc5bd3bd0 WorkerThread "GC Thread#7"                     [id=4776, stack(0x000000bd98500000,0x000000bd98600000) (1024K)]
  0x0000024fc6533010 WorkerThread "GC Thread#8"                     [id=9436, stack(0x000000bd99100000,0x000000bd99200000) (1024K)]
  0x0000024fc65333c0 WorkerThread "GC Thread#9"                     [id=3640, stack(0x000000bd99200000,0x000000bd99300000) (1024K)]
Total: 12

Threads with active compile tasks:
C2 CompilerThread1  2413964 10444       4       org.eclipse.jdt.internal.compiler.lookup.BinaryTypeBinding::createMethod (1666 bytes)
C2 CompilerThread2  2413964 10437   !   4       org.eclipse.jdt.internal.compiler.parser.Parser::parse (950 bytes)
Total: 2

VM state: not at safepoint (normal execution)

VM Mutex/Monitor currently owned by a thread: None

Heap address: 0x0000000080000000, size: 2048 MB, Compressed Oops mode: 32-bit

CDS archive(s) mapped at: [0x0000024f80000000-0x0000024f80ba0000-0x0000024f80ba0000), size 12189696, SharedBaseAddress: 0x0000024f80000000, ArchiveRelocationMode: 1.
Compressed class space mapped at: 0x0000024f81000000-0x0000024fc1000000, reserved size: 1073741824
Narrow klass base: 0x0000024f80000000, Narrow klass shift: 0, Narrow klass range: 0x100000000

GC Precious Log:
 CardTable entry size: 512
 CPUs: 12 total, 12 available
 Memory: 16108M
 Large Page Support: Disabled
 NUMA Support: Disabled
 Compressed Oops: Enabled (32-bit)
 Alignments: Space 512K, Generation 512K, Heap 2M
 Heap Min Capacity: 100M
 Heap Initial Capacity: 100M
 Heap Max Capacity: 2G
 Pre-touch: Disabled
 Parallel Workers: 10

Heap:
 PSYoungGen      total 20480K, used 6299K [0x00000000d5580000, 0x00000000d6b00000, 0x0000000100000000)
  eden space 18944K, 27% used [0x00000000d5580000,0x00000000d5a7f0e8,0x00000000d6800000)
  from space 1536K, 77% used [0x00000000d6980000,0x00000000d6aa7c18,0x00000000d6b00000)
  to   space 1536K, 0% used [0x00000000d6800000,0x00000000d6800000,0x00000000d6980000)
 ParOldGen       total 68608K, used 49126K [0x0000000080000000, 0x0000000084300000, 0x00000000d5580000)
  object space 68608K, 71% used [0x0000000080000000,0x0000000082ff9ac8,0x0000000084300000)
 Metaspace       used 67591K, committed 69120K, reserved 1114112K
  class space    used 7110K, committed 7808K, reserved 1048576K

Card table byte_map: [0x0000024fe2af0000,0x0000024fe2f00000] _byte_map_base: 0x0000024fe26f0000

Marking Bits: (ParMarkBitMap*) 0x00007ff8dc9c3450
 Begin Bits: [0x0000024ff5600000, 0x0000024ff7600000)
 End Bits:   [0x0000024ff7600000, 0x0000024ff9600000)

Polling page: 0x0000024fe0ed0000

Metaspace:

Usage:
  Non-class:     59.06 MB used.
      Class:      6.94 MB used.
       Both:     66.01 MB used.

Virtual space:
  Non-class space:       64.00 MB reserved,      59.88 MB ( 94%) committed,  1 nodes.
      Class space:        1.00 GB reserved,       7.62 MB ( <1%) committed,  1 nodes.
             Both:        1.06 GB reserved,      67.50 MB (  6%) committed. 

Chunk freelists:
   Non-Class:  4.06 MB
       Class:  8.37 MB
        Both:  12.44 MB

MaxMetaspaceSize: unlimited
CompressedClassSpaceSize: 1.00 GB
Initial GC threshold: 21.00 MB
Current GC threshold: 97.31 MB
CDS: on
 - commit_granule_bytes: 65536.
 - commit_granule_words: 8192.
 - virtual_space_node_default_size: 8388608.
 - enlarge_chunks_in_place: 1.
 - use_allocation_guard: 0.


Internal statistics:

num_allocs_failed_limit: 9.
num_arena_births: 1266.
num_arena_deaths: 14.
num_vsnodes_births: 2.
num_vsnodes_deaths: 0.
num_space_committed: 1080.
num_space_uncommitted: 0.
num_chunks_returned_to_freelist: 23.
num_chunks_taken_from_freelist: 4510.
num_chunk_merges: 15.
num_chunk_splits: 2740.
num_chunks_enlarged: 1534.
num_inconsistent_stats: 0.

CodeHeap 'non-profiled nmethods': size=120000Kb used=7620Kb max_used=7620Kb free=112379Kb
 bounds [0x0000024fede20000, 0x0000024fee5a0000, 0x0000024ff5350000]
CodeHeap 'profiled nmethods': size=120000Kb used=22355Kb max_used=22355Kb free=97644Kb
 bounds [0x0000024fe6350000, 0x0000024fe7930000, 0x0000024fed880000]
CodeHeap 'non-nmethods': size=5760Kb used=1459Kb max_used=1522Kb free=4300Kb
 bounds [0x0000024fed880000, 0x0000024fedaf0000, 0x0000024fede20000]
CodeCache: size=245760Kb, used=31434Kb, max_used=31497Kb, free=214323Kb
 total_blobs=10443, nmethods=9667, adapters=681, full_count=0
Compilation: enabled, stopped_count=0, restarted_count=0

Compilation events (20 events):
Event: 2408.611 Thread 0x0000024fc505b830 nmethod 10477 0x0000024fe7916190 code [0x0000024fe7916340, 0x0000024fe79164e8]
Event: 2408.611 Thread 0x0000024fc505b830 10475       3       org.eclipse.jdt.internal.compiler.ast.SingleNameReference::computeConversion (205 bytes)
Event: 2408.617 Thread 0x0000024fc505b830 nmethod 10475 0x0000024fe7916610 code [0x0000024fe79169a0, 0x0000024fe7918690]
Event: 2408.617 Thread 0x0000024fc505b830 10469       3       org.eclipse.jdt.internal.compiler.lookup.UnresolvedReferenceBinding::resolve (281 bytes)
Event: 2408.661 Thread 0x0000024fc505b830 nmethod 10469 0x0000024fe7918e90 code [0x0000024fe79191a0, 0x0000024fe791a260]
Event: 2408.664 Thread 0x0000024fc505b830 10479       3       java.util.GregorianCalendar::getWeekNumber (89 bytes)
Event: 2408.670 Thread 0x0000024fc505b830 nmethod 10479 0x0000024fe791a810 code [0x0000024fe791a9e0, 0x0000024fe791ae40]
Event: 2408.670 Thread 0x0000024fc505b830 10480       3       sun.util.calendar.AbstractCalendar::getDayOfWeekDateOnOrBefore (31 bytes)
Event: 2408.670 Thread 0x0000024fc505b830 nmethod 10480 0x0000024fe791b010 code [0x0000024fe791b1c0, 0x0000024fe791b3a0]
Event: 2408.729 Thread 0x0000024fc505b830 10481       3       java.util.Calendar::checkDisplayNameParams (67 bytes)
Event: 2408.759 Thread 0x0000024fc505b830 nmethod 10481 0x0000024fe791b490 code [0x0000024fe791b680, 0x0000024fe791bbe0]
Event: 2408.759 Thread 0x0000024fc505b830 10482       3       java.text.SimpleDateFormat::subFormat (1264 bytes)
Event: 2409.652 Thread 0x0000024fc5039370 nmethod 10436 0x0000024fee58fb10 code [0x0000024fee58fd20, 0x0000024fee5904c0]
Event: 2409.656 Thread 0x0000024fc505b830 nmethod 10482 0x0000024fe791bd90 code [0x0000024fe791c680, 0x0000024fe7922888]
Event: 2409.656 Thread 0x0000024fc5039370 10447       4       org.eclipse.jdt.internal.compiler.lookup.TypeBinding::capture (2 bytes)
Event: 2409.658 Thread 0x0000024fc5039370 nmethod 10447 0x0000024fee590a90 code [0x0000024fee590c20, 0x0000024fee590ca8]
Event: 2409.659 Thread 0x0000024fc5039370 10466       4       org.eclipse.jdt.internal.compiler.env.ITypeAnnotationWalker$1::toField (2 bytes)
Event: 2409.660 Thread 0x0000024fc5039370 nmethod 10466 0x0000024fee590d90 code [0x0000024fee590f20, 0x0000024fee590fa8]
Event: 2409.660 Thread 0x0000024fc5039370 10472       4       org.eclipse.jdt.internal.compiler.lookup.ReferenceBinding::actualType (2 bytes)
Event: 2409.662 Thread 0x0000024fc5039370 nmethod 10472 0x0000024fee591090 code [0x0000024fee591220, 0x0000024fee5912a8]

GC Heap History (20 events):
Event: 8.868 GC heap before
{Heap before GC invocations=36 (full 3):
 PSYoungGen      total 20992K, used 608K [0x00000000d5580000, 0x00000000d6b80000, 0x0000000100000000)
  eden space 19968K, 0% used [0x00000000d5580000,0x00000000d5580000,0x00000000d6900000)
  from space 1024K, 59% used [0x00000000d6980000,0x00000000d6a18000,0x00000000d6a80000)
  to   space 1024K, 0% used [0x00000000d6a80000,0x00000000d6a80000,0x00000000d6b80000)
 ParOldGen       total 68608K, used 44482K [0x0000000080000000, 0x0000000084300000, 0x00000000d5580000)
  object space 68608K, 64% used [0x0000000080000000,0x0000000082b709b0,0x0000000084300000)
 Metaspace       used 58416K, committed 59776K, reserved 1114112K
  class space    used 6324K, committed 6912K, reserved 1048576K
}
Event: 8.915 GC heap after
{Heap after GC invocations=36 (full 3):
 PSYoungGen      total 20992K, used 0K [0x00000000d5580000, 0x00000000d6b80000, 0x0000000100000000)
  eden space 19968K, 0% used [0x00000000d5580000,0x00000000d5580000,0x00000000d6900000)
  from space 1024K, 0% used [0x00000000d6980000,0x00000000d6980000,0x00000000d6a80000)
  to   space 1024K, 0% used [0x00000000d6a80000,0x00000000d6a80000,0x00000000d6b80000)
 ParOldGen       total 68608K, used 39193K [0x0000000080000000, 0x0000000084300000, 0x00000000d5580000)
  object space 68608K, 57% used [0x0000000080000000,0x00000000826464b8,0x0000000084300000)
 Metaspace       used 58416K, committed 59776K, reserved 1114112K
  class space    used 6324K, committed 6912K, reserved 1048576K
}
Event: 9.423 GC heap before
{Heap before GC invocations=37 (full 3):
 PSYoungGen      total 20992K, used 19968K [0x00000000d5580000, 0x00000000d6b80000, 0x0000000100000000)
  eden space 19968K, 100% used [0x00000000d5580000,0x00000000d6900000,0x00000000d6900000)
  from space 1024K, 0% used [0x00000000d6980000,0x00000000d6980000,0x00000000d6a80000)
  to   space 1024K, 0% used [0x00000000d6a80000,0x00000000d6a80000,0x00000000d6b80000)
 ParOldGen       total 68608K, used 39193K [0x0000000080000000, 0x0000000084300000, 0x00000000d5580000)
  object space 68608K, 57% used [0x0000000080000000,0x00000000826464b8,0x0000000084300000)
 Metaspace       used 60771K, committed 62208K, reserved 1114112K
  class space    used 6562K, committed 7168K, reserved 1048576K
}
Event: 9.425 GC heap after
{Heap after GC invocations=37 (full 3):
 PSYoungGen      total 19968K, used 996K [0x00000000d5580000, 0x00000000d6e00000, 0x0000000100000000)
  eden space 18944K, 0% used [0x00000000d5580000,0x00000000d5580000,0x00000000d6800000)
  from space 1024K, 97% used [0x00000000d6a80000,0x00000000d6b79330,0x00000000d6b80000)
  to   space 2560K, 0% used [0x00000000d6800000,0x00000000d6800000,0x00000000d6a80000)
 ParOldGen       total 68608K, used 40412K [0x0000000080000000, 0x0000000084300000, 0x00000000d5580000)
  object space 68608K, 58% used [0x0000000080000000,0x00000000827770d0,0x0000000084300000)
 Metaspace       used 60771K, committed 62208K, reserved 1114112K
  class space    used 6562K, committed 7168K, reserved 1048576K
}
Event: 9.949 GC heap before
{Heap before GC invocations=38 (full 3):
 PSYoungGen      total 19968K, used 19940K [0x00000000d5580000, 0x00000000d6e00000, 0x0000000100000000)
  eden space 18944K, 100% used [0x00000000d5580000,0x00000000d6800000,0x00000000d6800000)
  from space 1024K, 97% used [0x00000000d6a80000,0x00000000d6b79330,0x00000000d6b80000)
  to   space 2560K, 0% used [0x00000000d6800000,0x00000000d6800000,0x00000000d6a80000)
 ParOldGen       total 68608K, used 40412K [0x0000000080000000, 0x0000000084300000, 0x00000000d5580000)
  object space 68608K, 58% used [0x0000000080000000,0x00000000827770d0,0x0000000084300000)
 Metaspace       used 61405K, committed 62848K, reserved 1114112K
  class space    used 6603K, committed 7232K, reserved 1048576K
}
Event: 9.953 GC heap after
{Heap after GC invocations=38 (full 3):
 PSYoungGen      total 21504K, used 2181K [0x00000000d5580000, 0x00000000d6d00000, 0x0000000100000000)
  eden space 18944K, 0% used [0x00000000d5580000,0x00000000d5580000,0x00000000d6800000)
  from space 2560K, 85% used [0x00000000d6800000,0x00000000d6a216f8,0x00000000d6a80000)
  to   space 2560K, 0% used [0x00000000d6a80000,0x00000000d6a80000,0x00000000d6d00000)
 ParOldGen       total 68608K, used 41435K [0x0000000080000000, 0x0000000084300000, 0x00000000d5580000)
  object space 68608K, 60% used [0x0000000080000000,0x0000000082876f58,0x0000000084300000)
 Metaspace       used 61405K, committed 62848K, reserved 1114112K
  class space    used 6603K, committed 7232K, reserved 1048576K
}
Event: 10.426 GC heap before
{Heap before GC invocations=39 (full 3):
 PSYoungGen      total 21504K, used 21115K [0x00000000d5580000, 0x00000000d6d00000, 0x0000000100000000)
  eden space 18944K, 99% used [0x00000000d5580000,0x00000000d67fd550,0x00000000d6800000)
  from space 2560K, 85% used [0x00000000d6800000,0x00000000d6a216f8,0x00000000d6a80000)
  to   space 2560K, 0% used [0x00000000d6a80000,0x00000000d6a80000,0x00000000d6d00000)
 ParOldGen       total 68608K, used 41435K [0x0000000080000000, 0x0000000084300000, 0x00000000d5580000)
  object space 68608K, 60% used [0x0000000080000000,0x0000000082876f58,0x0000000084300000)
 Metaspace       used 62130K, committed 63552K, reserved 1114112K
  class space    used 6650K, committed 7296K, reserved 1048576K
}
Event: 10.430 GC heap after
{Heap after GC invocations=39 (full 3):
 PSYoungGen      total 20992K, used 1609K [0x00000000d5580000, 0x00000000d6c80000, 0x0000000100000000)
  eden space 18944K, 0% used [0x00000000d5580000,0x00000000d5580000,0x00000000d6800000)
  from space 2048K, 78% used [0x00000000d6a80000,0x00000000d6c12420,0x00000000d6c80000)
  to   space 2048K, 0% used [0x00000000d6880000,0x00000000d6880000,0x00000000d6a80000)
 ParOldGen       total 68608K, used 43452K [0x0000000080000000, 0x0000000084300000, 0x00000000d5580000)
  object space 68608K, 63% used [0x0000000080000000,0x0000000082a6f178,0x0000000084300000)
 Metaspace       used 62130K, committed 63552K, reserved 1114112K
  class space    used 6650K, committed 7296K, reserved 1048576K
}
Event: 10.931 GC heap before
{Heap before GC invocations=40 (full 3):
 PSYoungGen      total 20992K, used 20553K [0x00000000d5580000, 0x00000000d6c80000, 0x0000000100000000)
  eden space 18944K, 100% used [0x00000000d5580000,0x00000000d6800000,0x00000000d6800000)
  from space 2048K, 78% used [0x00000000d6a80000,0x00000000d6c12420,0x00000000d6c80000)
  to   space 2048K, 0% used [0x00000000d6880000,0x00000000d6880000,0x00000000d6a80000)
 ParOldGen       total 68608K, used 43452K [0x0000000080000000, 0x0000000084300000, 0x00000000d5580000)
  object space 68608K, 63% used [0x0000000080000000,0x0000000082a6f178,0x0000000084300000)
 Metaspace       used 63106K, committed 64576K, reserved 1114112K
  class space    used 6728K, committed 7360K, reserved 1048576K
}
Event: 10.933 GC heap after
{Heap after GC invocations=40 (full 3):
 PSYoungGen      total 20480K, used 1533K [0x00000000d5580000, 0x00000000d6c00000, 0x0000000100000000)
  eden space 18944K, 0% used [0x00000000d5580000,0x00000000d5580000,0x00000000d6800000)
  from space 1536K, 99% used [0x00000000d6880000,0x00000000d69ff650,0x00000000d6a00000)
  to   space 2048K, 0% used [0x00000000d6a00000,0x00000000d6a00000,0x00000000d6c00000)
 ParOldGen       total 68608K, used 44439K [0x0000000080000000, 0x0000000084300000, 0x00000000d5580000)
  object space 68608K, 64% used [0x0000000080000000,0x0000000082b65fe0,0x0000000084300000)
 Metaspace       used 63106K, committed 64576K, reserved 1114112K
  class space    used 6728K, committed 7360K, reserved 1048576K
}
Event: 11.100 GC heap before
{Heap before GC invocations=41 (full 3):
 PSYoungGen      total 20480K, used 20477K [0x00000000d5580000, 0x00000000d6c00000, 0x0000000100000000)
  eden space 18944K, 99% used [0x00000000d5580000,0x00000000d67fff80,0x00000000d6800000)
  from space 1536K, 99% used [0x00000000d6880000,0x00000000d69ff650,0x00000000d6a00000)
  to   space 2048K, 0% used [0x00000000d6a00000,0x00000000d6a00000,0x00000000d6c00000)
 ParOldGen       total 68608K, used 44439K [0x0000000080000000, 0x0000000084300000, 0x00000000d5580000)
  object space 68608K, 64% used [0x0000000080000000,0x0000000082b65fe0,0x0000000084300000)
 Metaspace       used 63344K, committed 64768K, reserved 1114112K
  class space    used 6751K, committed 7360K, reserved 1048576K
}
Event: 11.102 GC heap after
{Heap after GC invocations=41 (full 3):
 PSYoungGen      total 19968K, used 623K [0x00000000d5580000, 0x00000000d6b00000, 0x0000000100000000)
  eden space 18944K, 0% used [0x00000000d5580000,0x00000000d5580000,0x00000000d6800000)
  from space 1024K, 60% used [0x00000000d6a00000,0x00000000d6a9be48,0x00000000d6b00000)
  to   space 1024K, 0% used [0x00000000d6900000,0x00000000d6900000,0x00000000d6a00000)
 ParOldGen       total 68608K, used 45470K [0x0000000080000000, 0x0000000084300000, 0x00000000d5580000)
  object space 68608K, 66% used [0x0000000080000000,0x0000000082c67b38,0x0000000084300000)
 Metaspace       used 63344K, committed 64768K, reserved 1114112K
  class space    used 6751K, committed 7360K, reserved 1048576K
}
Event: 11.409 GC heap before
{Heap before GC invocations=42 (full 3):
 PSYoungGen      total 19968K, used 19198K [0x00000000d5580000, 0x00000000d6b00000, 0x0000000100000000)
  eden space 18944K, 98% used [0x00000000d5580000,0x00000000d67a3c78,0x00000000d6800000)
  from space 1024K, 60% used [0x00000000d6a00000,0x00000000d6a9be48,0x00000000d6b00000)
  to   space 1024K, 0% used [0x00000000d6900000,0x00000000d6900000,0x00000000d6a00000)
 ParOldGen       total 68608K, used 45470K [0x0000000080000000, 0x0000000084300000, 0x00000000d5580000)
  object space 68608K, 66% used [0x0000000080000000,0x0000000082c67b38,0x0000000084300000)
 Metaspace       used 63752K, committed 65216K, reserved 1114112K
  class space    used 6784K, committed 7424K, reserved 1048576K
}
Event: 11.411 GC heap after
{Heap after GC invocations=42 (full 3):
 PSYoungGen      total 19968K, used 996K [0x00000000d5580000, 0x00000000d6c00000, 0x0000000100000000)
  eden space 18944K, 0% used [0x00000000d5580000,0x00000000d5580000,0x00000000d6800000)
  from space 1024K, 97% used [0x00000000d6900000,0x00000000d69f9190,0x00000000d6a00000)
  to   space 2048K, 0% used [0x00000000d6a00000,0x00000000d6a00000,0x00000000d6c00000)
 ParOldGen       total 68608K, used 46058K [0x0000000080000000, 0x0000000084300000, 0x00000000d5580000)
  object space 68608K, 67% used [0x0000000080000000,0x0000000082cfab60,0x0000000084300000)
 Metaspace       used 63752K, committed 65216K, reserved 1114112K
  class space    used 6784K, committed 7424K, reserved 1048576K
}
Event: 11.953 GC heap before
{Heap before GC invocations=43 (full 3):
 PSYoungGen      total 19968K, used 19939K [0x00000000d5580000, 0x00000000d6c00000, 0x0000000100000000)
  eden space 18944K, 99% used [0x00000000d5580000,0x00000000d67ffbf0,0x00000000d6800000)
  from space 1024K, 97% used [0x00000000d6900000,0x00000000d69f9190,0x00000000d6a00000)
  to   space 2048K, 0% used [0x00000000d6a00000,0x00000000d6a00000,0x00000000d6c00000)
 ParOldGen       total 68608K, used 46058K [0x0000000080000000, 0x0000000084300000, 0x00000000d5580000)
  object space 68608K, 67% used [0x0000000080000000,0x0000000082cfab60,0x0000000084300000)
 Metaspace       used 64587K, committed 66112K, reserved 1114112K
  class space    used 6853K, committed 7488K, reserved 1048576K
}
Event: 11.955 GC heap after
{Heap after GC invocations=43 (full 3):
 PSYoungGen      total 20992K, used 1518K [0x00000000d5580000, 0x00000000d6c00000, 0x0000000100000000)
  eden space 18944K, 0% used [0x00000000d5580000,0x00000000d5580000,0x00000000d6800000)
  from space 2048K, 74% used [0x00000000d6a00000,0x00000000d6b7b990,0x00000000d6c00000)
  to   space 2048K, 0% used [0x00000000d6800000,0x00000000d6800000,0x00000000d6a00000)
 ParOldGen       total 68608K, used 46962K [0x0000000080000000, 0x0000000084300000, 0x00000000d5580000)
  object space 68608K, 68% used [0x0000000080000000,0x0000000082ddcbc0,0x0000000084300000)
 Metaspace       used 64587K, committed 66112K, reserved 1114112K
  class space    used 6853K, committed 7488K, reserved 1048576K
}
Event: 13.019 GC heap before
{Heap before GC invocations=44 (full 3):
 PSYoungGen      total 20992K, used 20462K [0x00000000d5580000, 0x00000000d6c00000, 0x0000000100000000)
  eden space 18944K, 100% used [0x00000000d5580000,0x00000000d6800000,0x00000000d6800000)
  from space 2048K, 74% used [0x00000000d6a00000,0x00000000d6b7b990,0x00000000d6c00000)
  to   space 2048K, 0% used [0x00000000d6800000,0x00000000d6800000,0x00000000d6a00000)
 ParOldGen       total 68608K, used 46962K [0x0000000080000000, 0x0000000084300000, 0x00000000d5580000)
  object space 68608K, 68% used [0x0000000080000000,0x0000000082ddcbc0,0x0000000084300000)
 Metaspace       used 66127K, committed 67584K, reserved 1114112K
  class space    used 6981K, committed 7616K, reserved 1048576K
}
Event: 13.021 GC heap after
{Heap after GC invocations=44 (full 3):
 PSYoungGen      total 20480K, used 1520K [0x00000000d5580000, 0x00000000d6b00000, 0x0000000100000000)
  eden space 18944K, 0% used [0x00000000d5580000,0x00000000d5580000,0x00000000d6800000)
  from space 1536K, 98% used [0x00000000d6800000,0x00000000d697c030,0x00000000d6980000)
  to   space 1536K, 0% used [0x00000000d6980000,0x00000000d6980000,0x00000000d6b00000)
 ParOldGen       total 68608K, used 47766K [0x0000000080000000, 0x0000000084300000, 0x00000000d5580000)
  object space 68608K, 69% used [0x0000000080000000,0x0000000082ea5850,0x0000000084300000)
 Metaspace       used 66127K, committed 67584K, reserved 1114112K
  class space    used 6981K, committed 7616K, reserved 1048576K
}
Event: 307.221 GC heap before
{Heap before GC invocations=45 (full 3):
 PSYoungGen      total 20480K, used 20464K [0x00000000d5580000, 0x00000000d6b00000, 0x0000000100000000)
  eden space 18944K, 100% used [0x00000000d5580000,0x00000000d6800000,0x00000000d6800000)
  from space 1536K, 98% used [0x00000000d6800000,0x00000000d697c030,0x00000000d6980000)
  to   space 1536K, 0% used [0x00000000d6980000,0x00000000d6980000,0x00000000d6b00000)
 ParOldGen       total 68608K, used 47766K [0x0000000080000000, 0x0000000084300000, 0x00000000d5580000)
  object space 68608K, 69% used [0x0000000080000000,0x0000000082ea5850,0x0000000084300000)
 Metaspace       used 67264K, committed 68800K, reserved 1114112K
  class space    used 7083K, committed 7744K, reserved 1048576K
}
Event: 307.224 GC heap after
{Heap after GC invocations=45 (full 3):
 PSYoungGen      total 20480K, used 1183K [0x00000000d5580000, 0x00000000d6b00000, 0x0000000100000000)
  eden space 18944K, 0% used [0x00000000d5580000,0x00000000d5580000,0x00000000d6800000)
  from space 1536K, 77% used [0x00000000d6980000,0x00000000d6aa7c18,0x00000000d6b00000)
  to   space 1536K, 0% used [0x00000000d6800000,0x00000000d6800000,0x00000000d6980000)
 ParOldGen       total 68608K, used 49126K [0x0000000080000000, 0x0000000084300000, 0x00000000d5580000)
  object space 68608K, 71% used [0x0000000080000000,0x0000000082ff9ac8,0x0000000084300000)
 Metaspace       used 67264K, committed 68800K, reserved 1114112K
  class space    used 7083K, committed 7744K, reserved 1048576K
}

Dll operation events (10 events):
Event: 0.008 Loaded shared library c:\Users\taire\.vscode\extensions\redhat.java-1.53.0-win32-x64\jre\21.0.10-win32-x86_64\bin\java.dll
Event: 0.054 Loaded shared library c:\Users\taire\.vscode\extensions\redhat.java-1.53.0-win32-x64\jre\21.0.10-win32-x86_64\bin\zip.dll
Event: 0.075 Loaded shared library C:\Users\taire\.vscode\extensions\redhat.java-1.53.0-win32-x64\jre\21.0.10-win32-x86_64\bin\instrument.dll
Event: 0.080 Loaded shared library C:\Users\taire\.vscode\extensions\redhat.java-1.53.0-win32-x64\jre\21.0.10-win32-x86_64\bin\net.dll
Event: 0.207 Loaded shared library C:\Users\taire\.vscode\extensions\redhat.java-1.53.0-win32-x64\jre\21.0.10-win32-x86_64\bin\nio.dll
Event: 0.210 Loaded shared library C:\Users\taire\.vscode\extensions\redhat.java-1.53.0-win32-x64\jre\21.0.10-win32-x86_64\bin\zip.dll
Event: 0.239 Loaded shared library C:\Users\taire\.vscode\extensions\redhat.java-1.53.0-win32-x64\jre\21.0.10-win32-x86_64\bin\jimage.dll
Event: 0.432 Loaded shared library c:\Users\taire\.vscode\extensions\redhat.java-1.53.0-win32-x64\jre\21.0.10-win32-x86_64\bin\verify.dll
Event: 1.864 Loaded shared library C:\Users\taire\AppData\Roaming\Code\User\globalStorage\redhat.java\1.53.0\config_win\org.eclipse.equinox.launcher\org.eclipse.equinox.launcher.win32.win32.x86_64_1.3.0.v20260203-2149\eclipse_11919.dll
Event: 3.252 Loaded shared library C:\Users\taire\AppData\Local\Temp\jna-110122703\jna6424399653590968552.dll

Deoptimization events (20 events):
Event: 307.273 Thread 0x0000024fc6874c40 DEOPT PACKING pc=0x0000024fee571264 sp=0x000000bd99cff0c0
Event: 307.273 Thread 0x0000024fc6874c40 DEOPT UNPACKING pc=0x0000024fed8d3aa2 sp=0x000000bd99cff068 mode 2
Event: 307.274 Thread 0x0000024fc6874c40 Uncommon trap: trap_request=0xffffffde fr.pc=0x0000024fee571264 relative=0x0000000000000424
Event: 307.274 Thread 0x0000024fc6874c40 Uncommon trap: reason=class_check action=maybe_recompile pc=0x0000024fee571264 method=java.io.DataOutputStream.writeInt(I)V @ 19 c2
Event: 307.274 Thread 0x0000024fc6874c40 DEOPT PACKING pc=0x0000024fee571264 sp=0x000000bd99cfee50
Event: 307.274 Thread 0x0000024fc6874c40 DEOPT UNPACKING pc=0x0000024fed8d3aa2 sp=0x000000bd99cfedf8 mode 2
Event: 307.283 Thread 0x0000024fc6874c40 Uncommon trap: trap_request=0xffffffc6 fr.pc=0x0000024fee5275a4 relative=0x0000000000003244
Event: 307.283 Thread 0x0000024fc6874c40 Uncommon trap: reason=bimorphic_or_optimized_type_check action=maybe_recompile pc=0x0000024fee5275a4 method=java.util.Properties.load0(Ljava/util/Properties$LineReader;)V @ 241 c2
Event: 307.283 Thread 0x0000024fc6874c40 DEOPT PACKING pc=0x0000024fee5275a4 sp=0x000000bd99cff010
Event: 307.283 Thread 0x0000024fc6874c40 DEOPT UNPACKING pc=0x0000024fed8d3aa2 sp=0x000000bd99cff020 mode 2
Event: 2402.375 Thread 0x0000024fd2d05520 Uncommon trap: trap_request=0xffffffde fr.pc=0x0000024fee21b898 relative=0x0000000000000078
Event: 2402.415 Thread 0x0000024fd2d05520 Uncommon trap: reason=class_check action=maybe_recompile pc=0x0000024fee21b898 method=java.util.LinkedHashMap.afterNodeInsertion(Z)V @ 15 c2
Event: 2402.416 Thread 0x0000024fd2d05520 DEOPT PACKING pc=0x0000024fee21b898 sp=0x000000bd974feb40
Event: 2402.428 Thread 0x0000024fd2d05520 DEOPT UNPACKING pc=0x0000024fed8d3aa2 sp=0x000000bd974feab8 mode 2
Event: 2402.864 Thread 0x0000024fc6874c40 Uncommon trap: trap_request=0xffffff76 fr.pc=0x0000024fee4e9c38 relative=0x0000000000003198
Event: 2402.864 Thread 0x0000024fc6874c40 Uncommon trap: reason=predicate action=maybe_recompile pc=0x0000024fee4e9c38 method=org.eclipse.jdt.internal.compiler.parser.Parser.parse()V @ 52 c2
Event: 2402.865 Thread 0x0000024fc6874c40 DEOPT PACKING pc=0x0000024fee4e9c38 sp=0x000000bd99cfe9d0
Event: 2402.866 Thread 0x0000024fc6874c40 DEOPT UNPACKING pc=0x0000024fed8d3aa2 sp=0x000000bd99cfe9b8 mode 2
Event: 2402.901 Thread 0x0000024fc6874c40 DEOPT PACKING pc=0x0000024fe73b63da sp=0x000000bd99cfe740
Event: 2402.902 Thread 0x0000024fc6874c40 DEOPT UNPACKING pc=0x0000024fed8d4242 sp=0x000000bd99cfdc58 mode 0

Classes loaded (20 events):
Event: 12.096 Loading class com/sun/org/apache/xerces/internal/xni/parser/XMLParseException
Event: 12.096 Loading class com/sun/org/apache/xerces/internal/xni/parser/XMLParseException done
Event: 12.987 Loading class jdk/internal/ref/CleanerImpl$InnocuousThreadFactory
Event: 12.987 Loading class jdk/internal/ref/CleanerImpl$InnocuousThreadFactory done
Event: 307.249 Loading class java/util/stream/Nodes$CollectorTask$OfRef
Event: 307.249 Loading class java/util/stream/Nodes$CollectorTask
Event: 307.249 Loading class java/util/stream/Nodes$CollectorTask done
Event: 307.249 Loading class java/util/stream/Nodes$CollectorTask$OfRef done
Event: 307.250 Loading class java/util/function/LongFunction
Event: 307.250 Loading class java/util/function/LongFunction done
Event: 307.250 Loading class java/util/stream/Nodes$ConcNode
Event: 307.250 Loading class java/util/stream/Nodes$AbstractConcNode
Event: 307.250 Loading class java/util/stream/Nodes$AbstractConcNode done
Event: 307.250 Loading class java/util/stream/Nodes$ConcNode done
Event: 307.262 Loading class java/io/ObjectOutputStream$BlockDataOutputStream
Event: 307.262 Loading class java/io/ObjectOutputStream$BlockDataOutputStream done
Event: 307.262 Loading class java/io/ObjectOutputStream$HandleTable
Event: 307.263 Loading class java/io/ObjectOutputStream$HandleTable done
Event: 307.263 Loading class java/io/ObjectOutputStream$ReplaceTable
Event: 307.263 Loading class java/io/ObjectOutputStream$ReplaceTable done

Classes unloaded (7 events):
Event: 3.815 Thread 0x0000024fe30e40c0 Unloading class 0x0000024f811aac00 'java/lang/invoke/LambdaForm$MH+0x0000024f811aac00'
Event: 3.815 Thread 0x0000024fe30e40c0 Unloading class 0x0000024f811aa800 'java/lang/invoke/LambdaForm$MH+0x0000024f811aa800'
Event: 3.815 Thread 0x0000024fe30e40c0 Unloading class 0x0000024f811aa400 'java/lang/invoke/LambdaForm$MH+0x0000024f811aa400'
Event: 3.815 Thread 0x0000024fe30e40c0 Unloading class 0x0000024f811aa000 'java/lang/invoke/LambdaForm$MH+0x0000024f811aa000'
Event: 3.815 Thread 0x0000024fe30e40c0 Unloading class 0x0000024f811a9c00 'java/lang/invoke/LambdaForm$BMH+0x0000024f811a9c00'
Event: 3.815 Thread 0x0000024fe30e40c0 Unloading class 0x0000024f811a9800 'java/lang/invoke/LambdaForm$DMH+0x0000024f811a9800'
Event: 3.815 Thread 0x0000024fe30e40c0 Unloading class 0x0000024f811a8400 'java/lang/invoke/LambdaForm$DMH+0x0000024f811a8400'

Classes redefined (0 events):
No events

Internal exceptions (20 events):
Event: 11.913 Thread 0x0000024fc58c2d50 Exception <a 'sun/nio/fs/WindowsException'{0x00000000d6793a98}> (0x00000000d6793a98) 
thrown [s\src\hotspot\share\prims\jni.cpp, line 520]
Event: 11.913 Thread 0x0000024fc58c2d50 Exception <a 'sun/nio/fs/WindowsException'{0x00000000d6794228}> (0x00000000d6794228) 
thrown [s\src\hotspot\share\prims\jni.cpp, line 520]
Event: 12.644 Thread 0x0000024fc8131230 Exception <a 'sun/nio/fs/WindowsException'{0x00000000d5ba2568}> (0x00000000d5ba2568) 
thrown [s\src\hotspot\share\prims\jni.cpp, line 520]
Event: 12.644 Thread 0x0000024fc8131230 Exception <a 'sun/nio/fs/WindowsException'{0x00000000d5ba2fa8}> (0x00000000d5ba2fa8) 
thrown [s\src\hotspot\share\prims\jni.cpp, line 520]
Event: 12.645 Thread 0x0000024fc8131230 Exception <a 'sun/nio/fs/WindowsException'{0x00000000d5ba4060}> (0x00000000d5ba4060) 
thrown [s\src\hotspot\share\prims\jni.cpp, line 520]
Event: 12.645 Thread 0x0000024fc8131230 Exception <a 'sun/nio/fs/WindowsException'{0x00000000d5ba4aa0}> (0x00000000d5ba4aa0) 
thrown [s\src\hotspot\share\prims\jni.cpp, line 520]
Event: 12.647 Thread 0x0000024fc8131230 Exception <a 'sun/nio/fs/WindowsException'{0x00000000d5baa860}> (0x00000000d5baa860) 
thrown [s\src\hotspot\share\prims\jni.cpp, line 520]
Event: 12.647 Thread 0x0000024fc8131230 Exception <a 'sun/nio/fs/WindowsException'{0x00000000d5bab2a0}> (0x00000000d5bab2a0) 
thrown [s\src\hotspot\share\prims\jni.cpp, line 520]
Event: 12.656 Thread 0x0000024fc8131230 Exception <a 'sun/nio/fs/WindowsException'{0x00000000d5c94b80}> (0x00000000d5c94b80) 
thrown [s\src\hotspot\share\prims\jni.cpp, line 520]
Event: 12.656 Thread 0x0000024fc8131230 Exception <a 'sun/nio/fs/WindowsException'{0x00000000d5c955c0}> (0x00000000d5c955c0) 
thrown [s\src\hotspot\share\prims\jni.cpp, line 520]
Event: 12.657 Thread 0x0000024fc8130ba0 Exception <a 'java/lang/NoSuchMethodError'{0x00000000d5ce6338}: 'java.lang.Object java.lang.invoke.DirectMethodHandle$Holder.invokeStaticInit(java.lang.Object, java.lang.Object, java.lang.Object)'> (0x00000000d5ce6338) 
thrown [s\src\hotspot\share\interpreter\linkResolver.cpp, line 773]
Event: 13.062 Thread 0x0000024fc812fe80 Exception <a 'java/lang/IncompatibleClassChangeError'{0x00000000d585e358}: Found class java.lang.Object, but interface was expected> (0x00000000d585e358) 
thrown [s\src\hotspot\share\interpreter\linkResolver.cpp, line 840]
Event: 13.063 Thread 0x0000024fc8131230 Exception <a 'java/lang/NoSuchMethodError'{0x00000000d5850808}: 'java.lang.Object java.lang.invoke.DirectMethodHandle$Holder.newInvokeSpecial(java.lang.Object, java.lang.Object, int, java.lang.Object, java.lang.Object, java.lang.Object, java.lang.Object)'> (0x00000000d5850808) 
thrown [s\src\hotspot\share\interpreter\linkResolver.cpp, line 773]
Event: 13.065 Thread 0x0000024fc8131230 Exception <a 'java/lang/NoSuchMethodError'{0x00000000d58c00d0}: 'java.lang.Object java.lang.invoke.DirectMethodHandle$Holder.invokeStatic(java.lang.Object, int, java.lang.Object, java.lang.Object, java.lang.Object, java.lang.Object)'> (0x00000000d58c00d0) 
thrown [s\src\hotspot\share\interpreter\linkResolver.cpp, line 773]
Event: 13.066 Thread 0x0000024fc8131230 Exception <a 'java/lang/NoSuchMethodError'{0x00000000d58c7350}: 'java.lang.Object java.lang.invoke.DirectMethodHandle$Holder.newInvokeSpecial(java.lang.Object, int, java.lang.Object, java.lang.Object, java.lang.Object)'> (0x00000000d58c7350) 
thrown [s\src\hotspot\share\interpreter\linkResolver.cpp, line 773]
Event: 13.069 Thread 0x0000024fc81318c0 Exception <a 'java/lang/NoSuchMethodError'{0x00000000d58b3d88}: 'java.lang.Object java.lang.invoke.DirectMethodHandle$Holder.invokeSpecial(java.lang.Object, java.lang.Object, java.lang.Object, java.lang.Object, int, java.lang.Object, java.lang.Object)'> (0x00000000d58b3d88) 
thrown [s\src\hotspot\share\interpreter\linkResolver.cpp, line 773]
Event: 307.257 Thread 0x0000024fc6874c40 Exception <a 'sun/nio/fs/WindowsException'{0x00000000d5645ba0}> (0x00000000d5645ba0) 
thrown [s\src\hotspot\share\prims\jni.cpp, line 520]
Event: 307.257 Thread 0x0000024fc6874c40 Exception <a 'sun/nio/fs/WindowsException'{0x00000000d56465e0}> (0x00000000d56465e0) 
thrown [s\src\hotspot\share\prims\jni.cpp, line 520]
Event: 307.257 Thread 0x0000024fc6874c40 Implicit null exception at 0x0000024fee561da1 to 0x0000024fee562100
Event: 307.270 Thread 0x0000024fc6874c40 Exception <a 'java/lang/NoSuchMethodError'{0x00000000d56bb490}: static [J.<clinit>()V> (0x00000000d56bb490) 
thrown [s\src\hotspot\share\prims\jni.cpp, line 1111]

ZGC Phase Switch (0 events):
No events

VM Operations (20 events):
Event: 2165.303 Executing non-safepoint VM operation: RendezvousGCThreads
Event: 2165.303 Executing non-safepoint VM operation: RendezvousGCThreads done
Event: 2400.852 Executing safepoint VM operation: Cleanup
Event: 2400.869 Executing safepoint VM operation: Cleanup done
Event: 2401.884 Executing safepoint VM operation: Cleanup
Event: 2401.945 Executing safepoint VM operation: Cleanup done
Event: 2402.946 Executing safepoint VM operation: Cleanup
Event: 2402.947 Executing safepoint VM operation: Cleanup done
Event: 2403.959 Executing safepoint VM operation: Cleanup
Event: 2404.001 Executing safepoint VM operation: Cleanup done
Event: 2405.005 Executing safepoint VM operation: Cleanup
Event: 2405.021 Executing safepoint VM operation: Cleanup done
Event: 2405.697 Executing non-safepoint VM operation: HandshakeAllThreads (HandshakeForDeflation)
Event: 2407.407 Executing non-safepoint VM operation: HandshakeAllThreads (HandshakeForDeflation) done
Event: 2407.407 Executing safepoint VM operation: Cleanup
Event: 2407.423 Executing safepoint VM operation: Cleanup done
Event: 2407.423 Executing non-safepoint VM operation: RendezvousGCThreads
Event: 2407.423 Executing non-safepoint VM operation: RendezvousGCThreads done
Event: 2409.429 Executing safepoint VM operation: Cleanup
Event: 2409.636 Executing safepoint VM operation: Cleanup done

Memory protections (0 events):
No events

Nmethod flushes (20 events):
Event: 8.886 Thread 0x0000024fe30e40c0 flushing  nmethod 0x0000024fe6bc6890
Event: 8.886 Thread 0x0000024fe30e40c0 flushing  nmethod 0x0000024fe6bc6e90
Event: 8.886 Thread 0x0000024fe30e40c0 flushing  nmethod 0x0000024fe6bc7710
Event: 8.886 Thread 0x0000024fe30e40c0 flushing  nmethod 0x0000024fe6bc7d10
Event: 8.886 Thread 0x0000024fe30e40c0 flushing  nmethod 0x0000024fe6bc9510
Event: 8.886 Thread 0x0000024fe30e40c0 flushing  nmethod 0x0000024fe6bd7990
Event: 8.886 Thread 0x0000024fe30e40c0 flushing  nmethod 0x0000024fe6bdc090
Event: 8.886 Thread 0x0000024fe30e40c0 flushing  nmethod 0x0000024fe6bed310
Event: 8.886 Thread 0x0000024fe30e40c0 flushing  nmethod 0x0000024fe6bef710
Event: 8.886 Thread 0x0000024fe30e40c0 flushing  nmethod 0x0000024fe6bfae10
Event: 8.886 Thread 0x0000024fe30e40c0 flushing  nmethod 0x0000024fe6c28f10
Event: 8.886 Thread 0x0000024fe30e40c0 flushing  nmethod 0x0000024fe6c54610
Event: 8.886 Thread 0x0000024fe30e40c0 flushing  nmethod 0x0000024fe6c56110
Event: 8.886 Thread 0x0000024fe30e40c0 flushing  nmethod 0x0000024fe6c60710
Event: 8.886 Thread 0x0000024fe30e40c0 flushing  nmethod 0x0000024fe6c61f90
Event: 8.886 Thread 0x0000024fe30e40c0 flushing  nmethod 0x0000024fe6c64d90
Event: 8.886 Thread 0x0000024fe30e40c0 flushing  nmethod 0x0000024fe6c65510
Event: 8.886 Thread 0x0000024fe30e40c0 flushing  nmethod 0x0000024fe6c65890
Event: 8.886 Thread 0x0000024fe30e40c0 flushing  nmethod 0x0000024fe6c65c10
Event: 8.886 Thread 0x0000024fe30e40c0 flushing  nmethod 0x0000024fe6c6d410

Events (20 events):
Event: 308.983 Thread 0x0000024fc9e974d0 Thread exited: 0x0000024fc9e974d0
Event: 308.983 Thread 0x0000024fc9e981f0 Thread exited: 0x0000024fc9e981f0
Event: 308.983 Thread 0x0000024fc9e98880 Thread exited: 0x0000024fc9e98880
Event: 308.983 Thread 0x0000024fc9e967b0 Thread exited: 0x0000024fc9e967b0
Event: 308.983 Thread 0x0000024fc9e98f10 Thread exited: 0x0000024fc9e98f10
Event: 309.277 Thread 0x0000024fc9e9d0b0 Thread exited: 0x0000024fc9e9d0b0
Event: 309.376 Thread 0x0000024fc9e9a950 Thread exited: 0x0000024fc9e9a950
Event: 309.407 Thread 0x0000024fc9e9d740 Thread exited: 0x0000024fc9e9d740
Event: 309.437 Thread 0x0000024fc9e9a2c0 Thread exited: 0x0000024fc9e9a2c0
Event: 309.594 Thread 0x0000024fc9e9ddd0 Thread exited: 0x0000024fc9e9ddd0
Event: 309.625 Thread 0x0000024fc9e9b670 Thread exited: 0x0000024fc9e9b670
Event: 309.975 Thread 0x0000024fc9e9ca20 Thread exited: 0x0000024fc9e9ca20
Event: 309.994 Thread 0x0000024fd2d068d0 Thread exited: 0x0000024fd2d068d0
Event: 310.208 Thread 0x0000024fd2d05520 Thread exited: 0x0000024fd2d05520
Event: 314.707 Thread 0x0000024fc81360f0 Thread exited: 0x0000024fc81360f0
Event: 374.714 Thread 0x0000024fc81346b0 Thread exited: 0x0000024fc81346b0
Event: 2400.399 Thread 0x0000024fc812fe80 Thread added: 0x0000024fd2d068d0
Event: 2400.445 Thread 0x0000024fc812fe80 Thread added: 0x0000024fd2d05520
Event: 2405.277 Thread 0x0000024fc505b830 Thread added: 0x0000024fc58ccf90
Event: 2405.296 Thread 0x0000024fc505b830 Thread added: 0x0000024fc822a1a0


Dynamic libraries:
0x00007ff6f9f40000 - 0x00007ff6f9f4e000 	c:\Users\taire\.vscode\extensions\redhat.java-1.53.0-win32-x64\jre\21.0.10-win32-x86_64\bin\java.exe
0x00007ff95b040000 - 0x00007ff95b2a8000 	C:\WINDOWS\SYSTEM32\ntdll.dll
0x00007ff959ca0000 - 0x00007ff959d69000 	C:\WINDOWS\System32\KERNEL32.DLL
0x00007ff958700000 - 0x00007ff958af1000 	C:\WINDOWS\System32\KERNELBASE.dll
0x00007ff9583d0000 - 0x00007ff95851b000 	C:\WINDOWS\System32\ucrtbase.dll
0x00007ff921b90000 - 0x00007ff921bae000 	c:\Users\taire\.vscode\extensions\redhat.java-1.53.0-win32-x64\jre\21.0.10-win32-x86_64\bin\VCRUNTIME140.dll
0x00007ff921cb0000 - 0x00007ff921cc8000 	c:\Users\taire\.vscode\extensions\redhat.java-1.53.0-win32-x64\jre\21.0.10-win32-x86_64\bin\jli.dll
0x00007ff958de0000 - 0x00007ff958fa6000 	C:\WINDOWS\System32\USER32.dll
0x00007ff958190000 - 0x00007ff9581b7000 	C:\WINDOWS\System32\win32u.dll
0x00007ff93ae20000 - 0x00007ff93b0b3000 	C:\WINDOWS\WinSxS\amd64_microsoft.windows.common-controls_6595b64144ccf1df_6.0.26100.7824_none_3e0870b2e3345462\COMCTL32.dll
0x00007ff959a50000 - 0x00007ff959a7b000 	C:\WINDOWS\System32\GDI32.dll
0x00007ff959040000 - 0x00007ff9590e9000 	C:\WINDOWS\System32\msvcrt.dll
0x00007ff958520000 - 0x00007ff95864b000 	C:\WINDOWS\System32\gdi32full.dll
0x00007ff958d30000 - 0x00007ff958dd3000 	C:\WINDOWS\System32\msvcp_win.dll
0x00007ff959d80000 - 0x00007ff959db1000 	C:\WINDOWS\System32\IMM32.DLL
0x00007ff954a80000 - 0x00007ff954a8c000 	c:\Users\taire\.vscode\extensions\redhat.java-1.53.0-win32-x64\jre\21.0.10-win32-x86_64\bin\vcruntime140_1.dll
0x00007ff910630000 - 0x00007ff9106bd000 	c:\Users\taire\.vscode\extensions\redhat.java-1.53.0-win32-x64\jre\21.0.10-win32-x86_64\bin\msvcp140.dll
0x00007ff8dbd00000 - 0x00007ff8dcaa1000 	c:\Users\taire\.vscode\extensions\redhat.java-1.53.0-win32-x64\jre\21.0.10-win32-x86_64\bin\server\jvm.dll
0x00007ff9597e0000 - 0x00007ff959894000 	C:\WINDOWS\System32\ADVAPI32.dll
0x00007ff959a80000 - 0x00007ff959b26000 	C:\WINDOWS\System32\sechost.dll
0x00007ff95aee0000 - 0x00007ff95aff8000 	C:\WINDOWS\System32\RPCRT4.dll
0x00007ff95ae00000 - 0x00007ff95ae74000 	C:\WINDOWS\System32\WS2_32.dll
0x00007ff957210000 - 0x00007ff95726e000 	C:\WINDOWS\SYSTEM32\POWRPROF.dll
0x00007ff947dc0000 - 0x00007ff947df5000 	C:\WINDOWS\SYSTEM32\WINMM.dll
0x00007ff9520f0000 - 0x00007ff9520fb000 	C:\WINDOWS\SYSTEM32\VERSION.dll
0x00007ff9571f0000 - 0x00007ff957204000 	C:\WINDOWS\SYSTEM32\UMPDC.dll
0x00007ff9566a0000 - 0x00007ff9566bb000 	C:\WINDOWS\SYSTEM32\kernel.appcore.dll
0x00007ff92a460000 - 0x00007ff92a46a000 	c:\Users\taire\.vscode\extensions\redhat.java-1.53.0-win32-x64\jre\21.0.10-win32-x86_64\bin\jimage.dll
0x00007ff9555e0000 - 0x00007ff955822000 	C:\WINDOWS\SYSTEM32\DBGHELP.DLL
0x00007ff9591f0000 - 0x00007ff959576000 	C:\WINDOWS\System32\combase.dll
0x00007ff9598a0000 - 0x00007ff959977000 	C:\WINDOWS\System32\OLEAUT32.dll
0x00007ff934330000 - 0x00007ff93436b000 	C:\WINDOWS\SYSTEM32\dbgcore.DLL
0x00007ff958650000 - 0x00007ff9586f5000 	C:\WINDOWS\System32\bcryptPrimitives.dll
0x00007ff929910000 - 0x00007ff92991f000 	c:\Users\taire\.vscode\extensions\redhat.java-1.53.0-win32-x64\jre\21.0.10-win32-x86_64\bin\instrument.dll
0x00007ff91fe80000 - 0x00007ff91fea0000 	c:\Users\taire\.vscode\extensions\redhat.java-1.53.0-win32-x64\jre\21.0.10-win32-x86_64\bin\java.dll
0x00007ff95a430000 - 0x00007ff95ab82000 	C:\WINDOWS\System32\SHELL32.dll
0x00007ff958b00000 - 0x00007ff958c6a000 	C:\WINDOWS\System32\wintypes.dll
0x00007ff957920000 - 0x00007ff958183000 	C:\WINDOWS\System32\windows.storage.dll
0x00007ff9590f0000 - 0x00007ff9591e6000 	C:\WINDOWS\System32\SHCORE.dll
0x00007ff959600000 - 0x00007ff959667000 	C:\WINDOWS\System32\shlwapi.dll
0x00007ff957840000 - 0x00007ff957869000 	C:\WINDOWS\SYSTEM32\profapi.dll
0x00007ff921360000 - 0x00007ff921378000 	c:\Users\taire\.vscode\extensions\redhat.java-1.53.0-win32-x64\jre\21.0.10-win32-x86_64\bin\zip.dll
0x00007ff926f90000 - 0x00007ff926fa0000 	C:\Users\taire\.vscode\extensions\redhat.java-1.53.0-win32-x64\jre\21.0.10-win32-x86_64\bin\net.dll
0x00007ff94e000000 - 0x00007ff94e127000 	C:\WINDOWS\SYSTEM32\WINHTTP.dll
0x00007ff956c30000 - 0x00007ff956c9b000 	C:\WINDOWS\system32\mswsock.dll
0x00007ff91cbe0000 - 0x00007ff91cbf6000 	C:\Users\taire\.vscode\extensions\redhat.java-1.53.0-win32-x64\jre\21.0.10-win32-x86_64\bin\nio.dll
0x00007ff926660000 - 0x00007ff926670000 	c:\Users\taire\.vscode\extensions\redhat.java-1.53.0-win32-x64\jre\21.0.10-win32-x86_64\bin\verify.dll
0x00007ff907cf0000 - 0x00007ff907d35000 	C:\Users\taire\AppData\Roaming\Code\User\globalStorage\redhat.java\1.53.0\config_win\org.eclipse.equinox.launcher\org.eclipse.equinox.launcher.win32.win32.x86_64_1.3.0.v20260203-2149\eclipse_11919.dll
0x00007ff95aba0000 - 0x00007ff95ad37000 	C:\WINDOWS\System32\ole32.dll
0x00007ff956f10000 - 0x00007ff956f2b000 	C:\WINDOWS\SYSTEM32\CRYPTSP.dll
0x00007ff956600000 - 0x00007ff956639000 	C:\WINDOWS\system32\rsaenh.dll
0x00007ff956ce0000 - 0x00007ff956d0b000 	C:\WINDOWS\SYSTEM32\USERENV.dll
0x00007ff957810000 - 0x00007ff95783a000 	C:\WINDOWS\SYSTEM32\bcrypt.dll
0x00007ff956f00000 - 0x00007ff956f0c000 	C:\WINDOWS\SYSTEM32\CRYPTBASE.dll
0x00007ff956090000 - 0x00007ff9560c4000 	C:\WINDOWS\SYSTEM32\IPHLPAPI.DLL
0x00007ff959d70000 - 0x00007ff959d7a000 	C:\WINDOWS\System32\NSI.dll
0x00007ff8dbcb0000 - 0x00007ff8dbcf9000 	C:\Users\taire\AppData\Local\Temp\jna-110122703\jna6424399653590968552.dll
0x00007ff95ab90000 - 0x00007ff95ab98000 	C:\WINDOWS\System32\PSAPI.DLL
0x00007ff94e5c0000 - 0x00007ff94e5de000 	C:\WINDOWS\SYSTEM32\dhcpcsvc6.DLL
0x00007ff94dfd0000 - 0x00007ff94dff3000 	C:\WINDOWS\SYSTEM32\dhcpcsvc.DLL

JVMTI agents:
c:\Users\taire\.vscode\extensions\redhat.java-1.53.0-win32-x64\lombok\lombok-1.18.39-4050.jar path:c:\Users\taire\.vscode\extensions\redhat.java-1.53.0-win32-x64\jre\21.0.10-win32-x86_64\bin\instrument.dll, loaded, initialized, instrumentlib options:none

dbghelp: loaded successfully - version: 4.0.5 - missing functions: none
symbol engine: initialized successfully - sym options: 0x614 - pdb path: .;c:\Users\taire\.vscode\extensions\redhat.java-1.53.0-win32-x64\jre\21.0.10-win32-x86_64\bin;C:\WINDOWS\SYSTEM32;C:\WINDOWS\WinSxS\amd64_microsoft.windows.common-controls_6595b64144ccf1df_6.0.26100.7824_none_3e0870b2e3345462;c:\Users\taire\.vscode\extensions\redhat.java-1.53.0-win32-x64\jre\21.0.10-win32-x86_64\bin\server;C:\Users\taire\AppData\Roaming\Code\User\globalStorage\redhat.java\1.53.0\config_win\org.eclipse.equinox.launcher\org.eclipse.equinox.launcher.win32.win32.x86_64_1.3.0.v20260203-2149;C:\Users\taire\AppData\Local\Temp\jna-110122703

VM Arguments:
jvm_args: --add-modules=ALL-SYSTEM --add-opens=java.base/java.util=ALL-UNNAMED --add-opens=java.base/java.lang=ALL-UNNAMED --add-opens=java.base/sun.nio.fs=ALL-UNNAMED -Declipse.application=org.eclipse.jdt.ls.core.id1 -Dosgi.bundles.defaultStartLevel=4 -Declipse.product=org.eclipse.jdt.ls.core.product -Djava.import.generatesMetadataFilesAtProjectRoot=false -DDetectVMInstallationsJob.disabled=true -Dfile.encoding=utf8 -XX:+UseParallelGC -XX:GCTimeRatio=4 -XX:AdaptiveSizePolicyWeight=90 -Dsun.zip.disableMemoryMapping=true -Xmx2G -Xms100m -Xlog:disable -javaagent:c:\Users\taire\.vscode\extensions\redhat.java-1.53.0-win32-x64\lombok\lombok-1.18.39-4050.jar -XX:+HeapDumpOnOutOfMemoryError -XX:HeapDumpPath=c:\Users\taire\AppData\Roaming\Code\User\workspaceStorage\7d00fbf79ae17fc0a0d49b68ffec40ae\redhat.java -Daether.dependencyCollector.impl=bf 
java_command: c:\Users\taire\.vscode\extensions\redhat.java-1.53.0-win32-x64\server\plugins\org.eclipse.equinox.launcher_1.7.100.v20251111-0406.jar -configuration c:\Users\taire\AppData\Roaming\Code\User\globalStorage\redhat.java\1.53.0\config_win -data c:\Users\taire\AppData\Roaming\Code\User\workspaceStorage\7d00fbf79ae17fc0a0d49b68ffec40ae\redhat.java\jdt_ws --pipe=\\.\pipe\lsp-c27e9edd1e4989c6eedaa794edc508b5-sock
java_class_path (initial): c:\Users\taire\.vscode\extensions\redhat.java-1.53.0-win32-x64\server\plugins\org.eclipse.equinox.launcher_1.7.100.v20251111-0406.jar
Launcher Type: SUN_STANDARD

[Global flags]
    uintx AdaptiveSizePolicyWeight                 = 90                                        {product} {command line}
     intx CICompilerCount                          = 4                                         {product} {ergonomic}
    uintx GCTimeRatio                              = 4                                         {product} {command line}
     bool HeapDumpOnOutOfMemoryError               = true                                   {manageable} {command line}
    ccstr HeapDumpPath                             = c:\Users\taire\AppData\Roaming\Code\User\workspaceStorage\7d00fbf79ae17fc0a0d49b68ffec40ae\redhat.java         {manageable} {command line}
   size_t InitialHeapSize                          = 104857600                                 {product} {command line}
   size_t MaxHeapSize                              = 2147483648                                {product} {command line}
   size_t MaxNewSize                               = 715653120                                 {product} {ergonomic}
   size_t MinHeapDeltaBytes                        = 524288                                    {product} {ergonomic}
   size_t MinHeapSize                              = 104857600                                 {product} {command line}
   size_t NewSize                                  = 34603008                                  {product} {ergonomic}
    uintx NonNMethodCodeHeapSize                   = 5839372                                {pd product} {ergonomic}
    uintx NonProfiledCodeHeapSize                  = 122909434                              {pd product} {ergonomic}
   size_t OldSize                                  = 70254592                                  {product} {ergonomic}
    uintx ProfiledCodeHeapSize                     = 122909434                              {pd product} {ergonomic}
    uintx ReservedCodeCacheSize                    = 251658240                              {pd product} {ergonomic}
     bool SegmentedCodeCache                       = true                                      {product} {ergonomic}
   size_t SoftMaxHeapSize                          = 2147483648                             {manageable} {ergonomic}
     bool UseCompressedOops                        = true                           {product lp64_product} {ergonomic}
     bool UseLargePagesIndividualAllocation        = false                                  {pd product} {ergonomic}
     bool UseParallelGC                            = true                                      {product} {command line}

Logging:
Log output configuration:
 #0: stdout all=off uptime,level,tags foldmultilines=false
 #1: stderr all=off uptime,level,tags foldmultilines=false

Release file:
JAVA_VERSION="21.0.10" 
MODULES="java.base java.compiler java.datatransfer java.xml java.prefs java.desktop java.instrument java.logging java.management java.security.sasl java.naming java.rmi java.management.rmi java.net.http java.scripting java.security.jgss java.transaction.xa java.sql java.sql.rowset java.xml.crypto java.se java.smartcardio jdk.accessibility jdk.internal.jvmstat jdk.attach jdk.charsets jdk.internal.opt jdk.zipfs jdk.compiler jdk.crypto.ec jdk.crypto.cryptoki jdk.crypto.mscapi jdk.dynalink jdk.internal.ed jdk.editpad jdk.hotspot.agent jdk.httpserver jdk.internal.le jdk.internal.vm.ci jdk.internal.vm.compiler jdk.internal.vm.compiler.management jdk.jartool jdk.javadoc jdk.jcmd jdk.management jdk.management.agent jdk.jconsole jdk.jdeps jdk.jdwp.agent jdk.jdi jdk.jfr jdk.jshell jdk.jsobject jdk.jstatd jdk.localedata jdk.management.jfr jdk.naming.dns jdk.naming.rmi jdk.net jdk.nio.mapmode jdk.random jdk.sctp jdk.security.auth jdk.security.jgss jdk.unsupported jdk.unsupported.desktop jdk.xml.dom" 

Environment Variables:
JAVA_HOME=C:\Program Files\Microsoft\jdk-17.0.18.8-hotspot\
PATH=C:\Program Files\Microsoft\jdk-17.0.18.8-hotspot\bin;C:\Program Files\Common Files\Oracle\Java\javapath;C:\Program Files (x86)\Common Files\Oracle\Java\java8path;C:\Program Files (x86)\Common Files\Oracle\Java\javapath;C:\WINDOWS\system32;C:\WINDOWS;C:\WINDOWS\System32\Wbem;C:\WINDOWS\System32\WindowsPowerShell\v1.0\;C:\WINDOWS\System32\OpenSSH\;C:\Users\taire\.config\herd\bin\nvm;C:\Program Files\nodejs;C:\Program Files\Docker\Docker\resources\bin;C:\Program Files\nodejs\;C:\Program Files (x86)\ZeroTier\One\;C:\Program Files\Git\cmd;C:\Users\taire\Downloads\openjdk-25.0.2_windows-x64_bin\jdk-25.0.2\bin;;C:\Program Files\IPMServicosLocais/libs;C:\Program Files\NVIDIA Corporation\NVIDIA App\NvDLISR;C:\Program Files\PuTTY\;C:\Program Files (x86)\NVIDIA Corporation\PhysX\Common;C:\Users\taire\.config\herd\bin;C:\Users\taire\AppData\Local\Microsoft\WindowsApps;C:\Users\taire\AppData\Local\Programs\Microsoft VS Code\bin;C:\Users\taire\AppData\Roaming\npm;C:\Program Files\JetBrains\PhpStorm 2025.3.2\bin;C:\Users\taire\AppData\Local\GitHubDesktop\bin;C:\Users\taire\AppData\Local\Programs\Antigravity\bin
USERNAME=taire
OS=Windows_NT
PROCESSOR_IDENTIFIER=Intel64 Family 6 Model 154 Stepping 3, GenuineIntel
TMP=C:\Users\taire\AppData\Local\Temp
TEMP=C:\Users\taire\AppData\Local\Temp




Periodic native trim disabled

---------------  S Y S T E M  ---------------

OS:
 Windows 11 , 64 bit Build 26100 (10.0.26100.7705)
OS uptime: 0 days 0:45 hours
Hyper-V role detected

CPU: total 12 (initial active 12) (6 cores per cpu, 2 threads per core) family 6 model 154 stepping 3 microcode 0x437, cx8, cmov, fxsr, ht, mmx, 3dnowpref, sse, sse2, sse3, ssse3, sse4.1, sse4.2, popcnt, lzcnt, tsc, tscinvbit, avx, avx2, aes, erms, clmul, bmi1, bmi2, adx, sha, fma, vzeroupper, clflush, clflushopt, clwb, hv, serialize, rdtscp, rdpid, fsrm, f16c, cet_ibt, cet_ss
Processor Information for processor 0
  Max Mhz: 2000, Current Mhz: 2000, Mhz Limit: 2000
Processor Information for processor 1
  Max Mhz: 2000, Current Mhz: 2000, Mhz Limit: 2000
Processor Information for processor 2
  Max Mhz: 2000, Current Mhz: 2000, Mhz Limit: 2000
Processor Information for processor 3
  Max Mhz: 2000, Current Mhz: 2000, Mhz Limit: 2000
Processor Information for processor 4
  Max Mhz: 2000, Current Mhz: 2000, Mhz Limit: 2000
Processor Information for processor 5
  Max Mhz: 2000, Current Mhz: 2000, Mhz Limit: 2000
Processor Information for processor 6
  Max Mhz: 2000, Current Mhz: 2000, Mhz Limit: 2000
Processor Information for processor 7
  Max Mhz: 2000, Current Mhz: 2000, Mhz Limit: 2000
Processor Information for processor 8
  Max Mhz: 2000, Current Mhz: 1500, Mhz Limit: 1500
Processor Information for processor 9
  Max Mhz: 2000, Current Mhz: 1500, Mhz Limit: 1500
Processor Information for processor 10
  Max Mhz: 2000, Current Mhz: 1500, Mhz Limit: 1500
Processor Information for processor 11
  Max Mhz: 2000, Current Mhz: 1500, Mhz Limit: 1500

Memory: 4k page, system-wide physical 16108M (1643M free)
TotalPageFile size 65260M (AvailPageFile size 1M)
current process WorkingSet (physical memory assigned to process): 93M, peak: 309M
current process commit charge ("private bytes"): 376M, peak: 409M

vm_info: OpenJDK 64-Bit Server VM (21.0.10+7-LTS) for windows-amd64 JRE (21.0.10+7-LTS), built on 2026-01-20T00:00:00Z by "admin" with MS VC++ 17.12 (VS2022)

END.
